# JRE version: Java(TM) SE Runtime Environment (21.0.3+7) (build 21.0.3+7-LTS-152)
# Java VM: Java HotSpot(TM) 64-Bit Server VM (21.0.3+7-LTS-152, mixed mode, emulated-client, sharing, tiered, compressed oops, compressed class ptrs, g1 gc, windows-amd64)
GC Precious Log:
 CardTable entry size: 512
 Card Set container configuration: InlinePtr #cards 4 size 8 Array Of Cards #cards 16 size 48 Howl #buckets 8 coarsen threshold 3686 Howl Bitmap #cards 512 size 80 coarsen threshold 460 Card regions per heap region 1 cards per card region 4096
 CPUs: 8 total, 8 available
 Memory: 12099M
 Large Page Support: Disabled
 NUMA Support: Disabled
 Compressed Oops: Enabled (Zero based)
 Heap Region Size: 2M
 Heap Min Capacity: 8M
 Heap Initial Capacity: 190M
 Heap Max Capacity: 3026M
 Pre-touch: Disabled
 Parallel Workers: 8
 Concurrent Workers: 2
 Concurrent Refinement Workers: 8
 Periodic GC: Disabled
Heap:
 garbage-first heap   total 69632K, used 48597K [0x0000000742e00000, 0x0000000800000000)
  region size 2048K, 14 young (28672K), 3 survivors (6144K)
 Metaspace       used 51329K, committed 51904K, reserved 1114112K
  class space    used 7163K, committed 7424K, reserved 1048576K
GC Heap History (18 events):
Event: 0.805 GC heap before
{Heap before GC invocations=0 (full 0):
 garbage-first heap   total 194560K, used 22528K [0x0000000742e00000, 0x0000000800000000)
  region size 2048K, 11 young (22528K), 0 survivors (0K)
 Metaspace       used 4456K, committed 4672K, reserved 1114112K
  class space    used 519K, committed 640K, reserved 1048576K
}
Event: 0.812 GC heap after
{Heap after GC invocations=1 (full 0):
 garbage-first heap   total 194560K, used 10504K [0x0000000742e00000, 0x0000000800000000)
  region size 2048K, 2 young (4096K), 2 survivors (4096K)
 Metaspace       used 4456K, committed 4672K, reserved 1114112K
  class space    used 519K, committed 640K, reserved 1048576K
}
Event: 1.398 GC heap before
{Heap before GC invocations=1 (full 0):
 garbage-first heap   total 194560K, used 28936K [0x0000000742e00000, 0x0000000800000000)
  region size 2048K, 11 young (22528K), 2 survivors (4096K)
 Metaspace       used 9050K, committed 9344K, reserved 1114112K
  class space    used 1138K, committed 1280K, reserved 1048576K
}
Event: 1.406 GC heap after
{Heap after GC invocations=2 (full 0):
 garbage-first heap   total 194560K, used 12031K [0x0000000742e00000, 0x0000000800000000)
  region size 2048K, 1 young (2048K), 1 survivors (2048K)
 Metaspace       used 9050K, committed 9344K, reserved 1114112K
  class space    used 1138K, committed 1280K, reserved 1048576K
}
Event: 2.441 GC heap before
{Heap before GC invocations=2 (full 0):
 garbage-first heap   total 194560K, used 61183K [0x0000000742e00000, 0x0000000800000000)
  region size 2048K, 27 young (55296K), 1 survivors (2048K)
 Metaspace       used 20197K, committed 20608K, reserved 1114112K
  class space    used 2755K, committed 2944K, reserved 1048576K
}
Event: 2.447 GC heap after
{Heap after GC invocations=3 (full 0):
 garbage-first heap   total 194560K, used 16060K [0x0000000742e00000, 0x0000000800000000)
  region size 2048K, 3 young (6144K), 3 survivors (6144K)
 Metaspace       used 20197K, committed 20608K, reserved 1114112K
  class space    used 2755K, committed 2944K, reserved 1048576K
}
Event: 2.867 GC heap before
{Heap before GC invocations=4 (full 0):
 garbage-first heap   total 69632K, used 48828K [0x0000000742e00000, 0x0000000800000000)
  region size 2048K, 20 young (40960K), 3 survivors (6144K)
 Metaspace       used 25220K, committed 25664K, reserved 1114112K
  class space    used 3411K, committed 3648K, reserved 1048576K
}
Event: 2.873 GC heap after
{Heap after GC invocations=5 (full 0):
 garbage-first heap   total 69632K, used 19343K [0x0000000742e00000, 0x0000000800000000)
  region size 2048K, 2 young (4096K), 2 survivors (4096K)
 Metaspace       used 25220K, committed 25664K, reserved 1114112K
  class space    used 3411K, committed 3648K, reserved 1048576K
}
Event: 3.318 GC heap before
{Heap before GC invocations=5 (full 0):
 garbage-first heap   total 69632K, used 45967K [0x0000000742e00000, 0x0000000800000000)
  region size 2048K, 16 young (32768K), 2 survivors (4096K)
 Metaspace       used 28076K, committed 28608K, reserved 1114112K
  class space    used 3777K, committed 4032K, reserved 1048576K
}
Event: 3.321 GC heap after
{Heap after GC invocations=6 (full 0):
 garbage-first heap   total 69632K, used 21125K [0x0000000742e00000, 0x0000000800000000)
  region size 2048K, 2 young (4096K), 2 survivors (4096K)
 Metaspace       used 28076K, committed 28608K, reserved 1114112K
  class space    used 3777K, committed 4032K, reserved 1048576K
}
Event: 3.923 GC heap before
{Heap before GC invocations=6 (full 0):
 garbage-first heap   total 69632K, used 49797K [0x0000000742e00000, 0x0000000800000000)
  region size 2048K, 16 young (32768K), 2 survivors (4096K)
 Metaspace       used 31740K, committed 32256K, reserved 1114112K
  class space    used 4383K, committed 4608K, reserved 1048576K
}
Event: 3.925 GC heap after
{Heap after GC invocations=7 (full 0):
 garbage-first heap   total 69632K, used 22588K [0x0000000742e00000, 0x0000000800000000)
  region size 2048K, 2 young (4096K), 2 survivors (4096K)
 Metaspace       used 31740K, committed 32256K, reserved 1114112K
  class space    used 4383K, committed 4608K, reserved 1048576K
}
Event: 4.759 GC heap before
{Heap before GC invocations=7 (full 0):
 garbage-first heap   total 69632K, used 36924K [0x0000000742e00000, 0x0000000800000000)
  region size 2048K, 10 young (20480K), 2 survivors (4096K)
 Metaspace       used 33970K, committed 34496K, reserved 1114112K
  class space    used 4700K, committed 4928K, reserved 1048576K
}
Event: 4.763 GC heap after
{Heap after GC invocations=8 (full 0):
 garbage-first heap   total 69632K, used 24025K [0x0000000742e00000, 0x0000000800000000)
  region size 2048K, 2 young (4096K), 2 survivors (4096K)
 Metaspace       used 33970K, committed 34496K, reserved 1114112K
  class space    used 4700K, committed 4928K, reserved 1048576K
}
Event: 5.208 GC heap before
{Heap before GC invocations=9 (full 0):
 garbage-first heap   total 69632K, used 52697K [0x0000000742e00000, 0x0000000800000000)
  region size 2048K, 17 young (34816K), 2 survivors (4096K)
 Metaspace       used 37797K, committed 38464K, reserved 1114112K
  class space    used 5263K, committed 5568K, reserved 1048576K
}
Event: 5.212 GC heap after
{Heap after GC invocations=10 (full 0):
 garbage-first heap   total 69632K, used 26556K [0x0000000742e00000, 0x0000000800000000)
  region size 2048K, 3 young (6144K), 3 survivors (6144K)
 Metaspace       used 37797K, committed 38464K, reserved 1114112K
  class space    used 5263K, committed 5568K, reserved 1048576K
}
Event: 5.736 GC heap before
{Heap before GC invocations=10 (full 0):
 garbage-first heap   total 69632K, used 53180K [0x0000000742e00000, 0x0000000800000000)
  region size 2048K, 17 young (34816K), 3 survivors (6144K)
 Metaspace       used 42759K, committed 43392K, reserved 1114112K
  class space    used 5997K, committed 6272K, reserved 1048576K
}
Event: 5.742 GC heap after
{Heap after GC invocations=11 (full 0):
 garbage-first heap   total 69632K, used 28117K [0x0000000742e00000, 0x0000000800000000)
  region size 2048K, 3 young (6144K), 3 survivors (6144K)
 Metaspace       used 42759K, committed 43392K, reserved 1114112K
  class space    used 5997K, committed 6272K, reserved 1048576K
}

